{"total": {"lines":{"total":4403,"covered":3744,"skipped":0,"pct":85.03},"statements":{"total":4756,"covered":4001,"skipped":0,"pct":84.12},"functions":{"total":766,"covered":664,"skipped":0,"pct":86.68},"branches":{"total":2824,"covered":2017,"skipped":0,"pct":71.42},"branchesTrue":{"total":0,"covered":0,"skipped":0,"pct":100}}
,"/home/runner/work/SolarBuddy/SolarBuddy/src/app/api/analytics/accounting/route.ts": {"lines":{"total":3,"covered":3,"skipped":0,"pct":100},"functions":{"total":1,"covered":1,"skipped":0,"pct":100},"statements":{"total":3,"covered":3,"skipped":0,"pct":100},"branches":{"total":2,"covered":2,"skipped":0,"pct":100}}
,"/home/runner/work/SolarBuddy/SolarBuddy/src/app/api/analytics/attribution/route.ts": {"lines":{"total":3,"covered":3,"skipped":0,"pct":100},"functions":{"total":1,"covered":1,"skipped":0,"pct":100},"statements":{"total":3,"covered":3,"skipped":0,"pct":100},"branches":{"total":2,"covered":1,"skipped":0,"pct":50}}
,"/home/runner/work/SolarBuddy/SolarBuddy/src/app/api/analytics/battery-profit/route.ts": {"lines":{"total":3,"covered":0,"skipped":0,"pct":0},"functions":{"total":1,"covered":0,"skipped":0,"pct":0},"statements":{"total":3,"covered":0,"skipped":0,"pct":0},"branches":{"total":2,"covered":0,"skipped":0,"pct":0}}
,"/home/runner/work/SolarBuddy/SolarBuddy/src/app/api/analytics/bill-estimate/route.ts": {"lines":{"total":1,"covered":0,"skipped":0,"pct":0},"functions":{"total":1,"covered":0,"skipped":0,"pct":0},"statements":{"total":1,"covered":0,"skipped":0,"pct":0},"branches":{"total":0,"covered":0,"skipped":0,"pct":100}}
,"/home/runner/work/SolarBuddy/SolarBuddy/src/app/api/analytics/savings/route.ts": {"lines":{"total":3,"covered":3,"skipped":0,"pct":100},"functions":{"total":1,"covered":1,"skipped":0,"pct":100},"statements":{"total":3,"covered":3,"skipped":0,"pct":100},"branches":{"total":2,"covered":2,"skipped":0,"pct":100}}
,"/home/runner/work/SolarBuddy/SolarBuddy/src/app/api/events/route.ts": {"lines":{"total":20,"covered":18,"skipped":0,"pct":90},"functions":{"total":6,"covered":6,"skipped":0,"pct":100},"statements":{"total":21,"covered":19,"skipped":0,"pct":90.47},"branches":{"total":0,"covered":0,"skipped":0,"pct":100}}
,"/home/runner/work/SolarBuddy/SolarBuddy/src/app/api/events-log/route.ts": {"lines":{"total":1,"covered":1,"skipped":0,"pct":100},"functions":{"total":1,"covered":1,"skipped":0,"pct":100},"statements":{"total":1,"covered":1,"skipped":0,"pct":100},"branches":{"total":0,"covered":0,"skipped":0,"pct":100}}
,"/home/runner/work/SolarBuddy/SolarBuddy/src/app/api/forecast/route.ts": {"lines":{"total":22,"covered":21,"skipped":0,"pct":95.45},"functions":{"total":2,"covered":2,"skipped":0,"pct":100},"statements":{"total":22,"covered":21,"skipped":0,"pct":95.45},"branches":{"total":25,"covered":17,"skipped":0,"pct":68}}
,"/home/runner/work/SolarBuddy/SolarBuddy/src/app/api/health/route.ts": {"lines":{"total":8,"covered":8,"skipped":0,"pct":100},"functions":{"total":2,"covered":2,"skipped":0,"pct":100},"statements":{"total":8,"covered":8,"skipped":0,"pct":100},"branches":{"total":6,"covered":6,"skipped":0,"pct":100}}
,"/home/runner/work/SolarBuddy/SolarBuddy/src/app/api/home-assistant/status/route.ts": {"lines":{"total":1,"covered":0,"skipped":0,"pct":0},"functions":{"total":1,"covered":0,"skipped":0,"pct":0},"statements":{"total":1,"covered":0,"skipped":0,"pct":0},"branches":{"total":0,"covered":0,"skipped":0,"pct":100}}
,"/home/runner/work/SolarBuddy/SolarBuddy/src/app/api/home-assistant/test/route.ts": {"lines":{"total":4,"covered":0,"skipped":0,"pct":0},"functions":{"total":1,"covered":0,"skipped":0,"pct":0},"statements":{"total":4,"covered":0,"skipped":0,"pct":0},"branches":{"total":2,"covered":0,"skipped":0,"pct":0}}
,"/home/runner/work/SolarBuddy/SolarBuddy/src/app/api/notifications/test/route.ts": {"lines":{"total":8,"covered":0,"skipped":0,"pct":0},"functions":{"total":1,"covered":0,"skipped":0,"pct":0},"statements":{"total":8,"covered":0,"skipped":0,"pct":0},"branches":{"total":7,"covered":0,"skipped":0,"pct":0}}
,"/home/runner/work/SolarBuddy/SolarBuddy/src/app/api/octopus/verify/route.ts": {"lines":{"total":8,"covered":8,"skipped":0,"pct":100},"functions":{"total":1,"covered":1,"skipped":0,"pct":100},"statements":{"total":8,"covered":8,"skipped":0,"pct":100},"branches":{"total":6,"covered":6,"skipped":0,"pct":100}}
,"/home/runner/work/SolarBuddy/SolarBuddy/src/app/api/overrides/route.ts": {"lines":{"total":21,"covered":21,"skipped":0,"pct":100},"functions":{"total":4,"covered":4,"skipped":0,"pct":100},"statements":{"total":21,"covered":21,"skipped":0,"pct":100},"branches":{"total":12,"covered":12,"skipped":0,"pct":100}}
,"/home/runner/work/SolarBuddy/SolarBuddy/src/app/api/rates/route.ts": {"lines":{"total":21,"covered":15,"skipped":0,"pct":71.42},"functions":{"total":2,"covered":2,"skipped":0,"pct":100},"statements":{"total":21,"covered":15,"skipped":0,"pct":71.42},"branches":{"total":10,"covered":5,"skipped":0,"pct":50}}
,"/home/runner/work/SolarBuddy/SolarBuddy/src/app/api/rates/nordpool/refresh/route.ts": {"lines":{"total":7,"covered":7,"skipped":0,"pct":100},"functions":{"total":1,"covered":1,"skipped":0,"pct":100},"statements":{"total":7,"covered":7,"skipped":0,"pct":100},"branches":{"total":4,"covered":4,"skipped":0,"pct":100}}
,"/home/runner/work/SolarBuddy/SolarBuddy/src/app/api/readings/route.ts": {"lines":{"total":16,"covered":12,"skipped":0,"pct":75},"functions":{"total":1,"covered":1,"skipped":0,"pct":100},"statements":{"total":16,"covered":12,"skipped":0,"pct":75},"branches":{"total":8,"covered":4,"skipped":0,"pct":50}}
,"/home/runner/work/SolarBuddy/SolarBuddy/src/app/api/schedule/route.ts": {"lines":{"total":13,"covered":13,"skipped":0,"pct":100},"functions":{"total":4,"covered":4,"skipped":0,"pct":100},"statements":{"total":13,"covered":13,"skipped":0,"pct":100},"branches":{"total":8,"covered":8,"skipped":0,"pct":100}}
,"/home/runner/work/SolarBuddy/SolarBuddy/src/app/api/scheduled-actions/route.ts": {"lines":{"total":15,"covered":15,"skipped":0,"pct":100},"functions":{"total":4,"covered":4,"skipped":0,"pct":100},"statements":{"total":15,"covered":15,"skipped":0,"pct":100},"branches":{"total":4,"covered":4,"skipped":0,"pct":100}}
,"/home/runner/work/SolarBuddy/SolarBuddy/src/app/api/settings/route.ts": {"lines":{"total":35,"covered":30,"skipped":0,"pct":85.71},"functions":{"total":5,"covered":4,"skipped":0,"pct":80},"statements":{"total":38,"covered":33,"skipped":0,"pct":86.84},"branches":{"total":32,"covered":28,"skipped":0,"pct":87.5}}
,"/home/runner/work/SolarBuddy/SolarBuddy/src/app/api/simulate/route.ts": {"lines":{"total":16,"covered":16,"skipped":0,"pct":100},"functions":{"total":2,"covered":1,"skipped":0,"pct":50},"statements":{"total":17,"covered":16,"skipped":0,"pct":94.11},"branches":{"total":19,"covered":15,"skipped":0,"pct":78.94}}
,"/home/runner/work/SolarBuddy/SolarBuddy/src/app/api/status/route.ts": {"lines":{"total":1,"covered":1,"skipped":0,"pct":100},"functions":{"total":1,"covered":1,"skipped":0,"pct":100},"statements":{"total":1,"covered":1,"skipped":0,"pct":100},"branches":{"total":0,"covered":0,"skipped":0,"pct":100}}
,"/home/runner/work/SolarBuddy/SolarBuddy/src/app/api/system/route.ts": {"lines":{"total":17,"covered":17,"skipped":0,"pct":100},"functions":{"total":1,"covered":1,"skipped":0,"pct":100},"statements":{"total":17,"covered":17,"skipped":0,"pct":100},"branches":{"total":8,"covered":8,"skipped":0,"pct":100}}
,"/home/runner/work/SolarBuddy/SolarBuddy/src/app/api/system/mqtt-log/route.ts": {"lines":{"total":24,"covered":22,"skipped":0,"pct":91.66},"functions":{"total":7,"covered":7,"skipped":0,"pct":100},"statements":{"total":25,"covered":23,"skipped":0,"pct":92},"branches":{"total":2,"covered":2,"skipped":0,"pct":100}}
,"/home/runner/work/SolarBuddy/SolarBuddy/src/app/api/system/tariff-check/route.ts": {"lines":{"total":4,"covered":4,"skipped":0,"pct":100},"functions":{"total":1,"covered":1,"skipped":0,"pct":100},"statements":{"total":4,"covered":4,"skipped":0,"pct":100},"branches":{"total":0,"covered":0,"skipped":0,"pct":100}}
,"/home/runner/work/SolarBuddy/SolarBuddy/src/app/api/system/time-sync/route.ts": {"lines":{"total":2,"covered":2,"skipped":0,"pct":100},"functions":{"total":1,"covered":1,"skipped":0,"pct":100},"statements":{"total":2,"covered":2,"skipped":0,"pct":100},"branches":{"total":0,"covered":0,"skipped":0,"pct":100}}
,"/home/runner/work/SolarBuddy/SolarBuddy/src/app/api/usage-profile/route.ts": {"lines":{"total":4,"covered":4,"skipped":0,"pct":100},"functions":{"total":1,"covered":1,"skipped":0,"pct":100},"statements":{"total":4,"covered":4,"skipped":0,"pct":100},"branches":{"total":4,"covered":4,"skipped":0,"pct":100}}
,"/home/runner/work/SolarBuddy/SolarBuddy/src/app/api/usage-profile/refresh/route.ts": {"lines":{"total":8,"covered":8,"skipped":0,"pct":100},"functions":{"total":1,"covered":1,"skipped":0,"pct":100},"statements":{"total":8,"covered":8,"skipped":0,"pct":100},"branches":{"total":10,"covered":6,"skipped":0,"pct":60}}
,"/home/runner/work/SolarBuddy/SolarBuddy/src/app/api/virtual-inverter/route.ts": {"lines":{"total":19,"covered":7,"skipped":0,"pct":36.84},"functions":{"total":3,"covered":2,"skipped":0,"pct":66.66},"statements":{"total":20,"covered":7,"skipped":0,"pct":35},"branches":{"total":18,"covered":4,"skipped":0,"pct":22.22}}
,"/home/runner/work/SolarBuddy/SolarBuddy/src/app/api/virtual-inverter/scenarios/route.ts": {"lines":{"total":1,"covered":1,"skipped":0,"pct":100},"functions":{"total":1,"covered":1,"skipped":0,"pct":100},"statements":{"total":1,"covered":1,"skipped":0,"pct":100},"branches":{"total":0,"covered":0,"skipped":0,"pct":100}}
,"/home/runner/work/SolarBuddy/SolarBuddy/src/lib/accounting.ts": {"lines":{"total":45,"covered":21,"skipped":0,"pct":46.66},"functions":{"total":4,"covered":2,"skipped":0,"pct":50},"statements":{"total":45,"covered":21,"skipped":0,"pct":46.66},"branches":{"total":4,"covered":3,"skipped":0,"pct":75}}
,"/home/runner/work/SolarBuddy/SolarBuddy/src/lib/analytics-data.ts": {"lines":{"total":112,"covered":112,"skipped":0,"pct":100},"functions":{"total":17,"covered":17,"skipped":0,"pct":100},"statements":{"total":116,"covered":116,"skipped":0,"pct":100},"branches":{"total":43,"covered":29,"skipped":0,"pct":67.44}}
,"/home/runner/work/SolarBuddy/SolarBuddy/src/lib/analytics.ts": {"lines":{"total":18,"covered":18,"skipped":0,"pct":100},"functions":{"total":2,"covered":2,"skipped":0,"pct":100},"statements":{"total":19,"covered":19,"skipped":0,"pct":100},"branches":{"total":9,"covered":9,"skipped":0,"pct":100}}
,"/home/runner/work/SolarBuddy/SolarBuddy/src/lib/api-error.ts": {"lines":{"total":10,"covered":10,"skipped":0,"pct":100},"functions":{"total":5,"covered":5,"skipped":0,"pct":100},"statements":{"total":10,"covered":10,"skipped":0,"pct":100},"branches":{"total":6,"covered":6,"skipped":0,"pct":100}}
,"/home/runner/work/SolarBuddy/SolarBuddy/src/lib/attribution.ts": {"lines":{"total":38,"covered":38,"skipped":0,"pct":100},"functions":{"total":6,"covered":6,"skipped":0,"pct":100},"statements":{"total":40,"covered":40,"skipped":0,"pct":100},"branches":{"total":14,"covered":11,"skipped":0,"pct":78.57}}
,"/home/runner/work/SolarBuddy/SolarBuddy/src/lib/bill-estimate.ts": {"lines":{"total":109,"covered":96,"skipped":0,"pct":88.07},"functions":{"total":8,"covered":8,"skipped":0,"pct":100},"statements":{"total":115,"covered":102,"skipped":0,"pct":88.69},"branches":{"total":45,"covered":36,"skipped":0,"pct":80}}
,"/home/runner/work/SolarBuddy/SolarBuddy/src/lib/carbon.ts": {"lines":{"total":42,"covered":42,"skipped":0,"pct":100},"functions":{"total":7,"covered":7,"skipped":0,"pct":100},"statements":{"total":43,"covered":43,"skipped":0,"pct":100},"branches":{"total":15,"covered":10,"skipped":0,"pct":66.66}}
,"/home/runner/work/SolarBuddy/SolarBuddy/src/lib/chart-window.ts": {"lines":{"total":8,"covered":8,"skipped":0,"pct":100},"functions":{"total":3,"covered":3,"skipped":0,"pct":100},"statements":{"total":8,"covered":8,"skipped":0,"pct":100},"branches":{"total":10,"covered":8,"skipped":0,"pct":80}}
,"/home/runner/work/SolarBuddy/SolarBuddy/src/lib/config.ts": {"lines":{"total":18,"covered":18,"skipped":0,"pct":100},"functions":{"total":4,"covered":4,"skipped":0,"pct":100},"statements":{"total":18,"covered":18,"skipped":0,"pct":100},"branches":{"total":2,"covered":2,"skipped":0,"pct":100}}
,"/home/runner/work/SolarBuddy/SolarBuddy/src/lib/energy-flow.ts": {"lines":{"total":46,"covered":40,"skipped":0,"pct":86.95},"functions":{"total":5,"covered":5,"skipped":0,"pct":100},"statements":{"total":47,"covered":41,"skipped":0,"pct":87.23},"branches":{"total":38,"covered":18,"skipped":0,"pct":47.36}}
,"/home/runner/work/SolarBuddy/SolarBuddy/src/lib/events.ts": {"lines":{"total":37,"covered":32,"skipped":0,"pct":86.48},"functions":{"total":12,"covered":12,"skipped":0,"pct":100},"statements":{"total":38,"covered":33,"skipped":0,"pct":86.84},"branches":{"total":22,"covered":12,"skipped":0,"pct":54.54}}
,"/home/runner/work/SolarBuddy/SolarBuddy/src/lib/forecast.ts": {"lines":{"total":32,"covered":32,"skipped":0,"pct":100},"functions":{"total":6,"covered":6,"skipped":0,"pct":100},"statements":{"total":33,"covered":33,"skipped":0,"pct":100},"branches":{"total":11,"covered":11,"skipped":0,"pct":100}}
,"/home/runner/work/SolarBuddy/SolarBuddy/src/lib/passive-battery.ts": {"lines":{"total":77,"covered":75,"skipped":0,"pct":97.4},"functions":{"total":8,"covered":7,"skipped":0,"pct":87.5},"statements":{"total":82,"covered":79,"skipped":0,"pct":96.34},"branches":{"total":24,"covered":16,"skipped":0,"pct":66.66}}
,"/home/runner/work/SolarBuddy/SolarBuddy/src/lib/plan-actions.ts": {"lines":{"total":4,"covered":4,"skipped":0,"pct":100},"functions":{"total":0,"covered":0,"skipped":0,"pct":100},"statements":{"total":4,"covered":4,"skipped":0,"pct":100},"branches":{"total":0,"covered":0,"skipped":0,"pct":100}}
,"/home/runner/work/SolarBuddy/SolarBuddy/src/lib/pv-forecast-utils.ts": {"lines":{"total":19,"covered":1,"skipped":0,"pct":5.26},"functions":{"total":3,"covered":0,"skipped":0,"pct":0},"statements":{"total":20,"covered":1,"skipped":0,"pct":5},"branches":{"total":6,"covered":0,"skipped":0,"pct":0}}
,"/home/runner/work/SolarBuddy/SolarBuddy/src/lib/schedule-history.ts": {"lines":{"total":42,"covered":37,"skipped":0,"pct":88.09},"functions":{"total":12,"covered":10,"skipped":0,"pct":83.33},"statements":{"total":42,"covered":37,"skipped":0,"pct":88.09},"branches":{"total":34,"covered":25,"skipped":0,"pct":73.52}}
,"/home/runner/work/SolarBuddy/SolarBuddy/src/lib/scheduled-actions.ts": {"lines":{"total":36,"covered":36,"skipped":0,"pct":100},"functions":{"total":8,"covered":8,"skipped":0,"pct":100},"statements":{"total":45,"covered":41,"skipped":0,"pct":91.11},"branches":{"total":38,"covered":30,"skipped":0,"pct":78.94}}
,"/home/runner/work/SolarBuddy/SolarBuddy/src/lib/simulator.ts": {"lines":{"total":95,"covered":94,"skipped":0,"pct":98.94},"functions":{"total":5,"covered":5,"skipped":0,"pct":100},"statements":{"total":95,"covered":94,"skipped":0,"pct":98.94},"branches":{"total":30,"covered":29,"skipped":0,"pct":96.66}}
,"/home/runner/work/SolarBuddy/SolarBuddy/src/lib/slot-key.ts": {"lines":{"total":14,"covered":10,"skipped":0,"pct":71.42},"functions":{"total":4,"covered":2,"skipped":0,"pct":50},"statements":{"total":15,"covered":11,"skipped":0,"pct":73.33},"branches":{"total":10,"covered":4,"skipped":0,"pct":40}}
,"/home/runner/work/SolarBuddy/SolarBuddy/src/lib/soc-forecast.ts": {"lines":{"total":45,"covered":37,"skipped":0,"pct":82.22},"functions":{"total":3,"covered":3,"skipped":0,"pct":100},"statements":{"total":48,"covered":39,"skipped":0,"pct":81.25},"branches":{"total":35,"covered":25,"skipped":0,"pct":71.42}}
,"/home/runner/work/SolarBuddy/SolarBuddy/src/lib/state.ts": {"lines":{"total":16,"covered":16,"skipped":0,"pct":100},"functions":{"total":5,"covered":5,"skipped":0,"pct":100},"statements":{"total":16,"covered":16,"skipped":0,"pct":100},"branches":{"total":4,"covered":2,"skipped":0,"pct":50}}
,"/home/runner/work/SolarBuddy/SolarBuddy/src/lib/tariff-comparison.ts": {"lines":{"total":31,"covered":31,"skipped":0,"pct":100},"functions":{"total":4,"covered":4,"skipped":0,"pct":100},"statements":{"total":31,"covered":31,"skipped":0,"pct":100},"branches":{"total":22,"covered":15,"skipped":0,"pct":68.18}}
,"/home/runner/work/SolarBuddy/SolarBuddy/src/lib/types.ts": {"lines":{"total":1,"covered":1,"skipped":0,"pct":100},"functions":{"total":0,"covered":0,"skipped":0,"pct":100},"statements":{"total":1,"covered":1,"skipped":0,"pct":100},"branches":{"total":0,"covered":0,"skipped":0,"pct":100}}
,"/home/runner/work/SolarBuddy/SolarBuddy/src/lib/db/auto-override-repository.ts": {"lines":{"total":14,"covered":14,"skipped":0,"pct":100},"functions":{"total":5,"covered":5,"skipped":0,"pct":100},"statements":{"total":14,"covered":14,"skipped":0,"pct":100},"branches":{"total":4,"covered":3,"skipped":0,"pct":75}}
,"/home/runner/work/SolarBuddy/SolarBuddy/src/lib/db/connection.ts": {"lines":{"total":59,"covered":56,"skipped":0,"pct":94.91},"functions":{"total":7,"covered":7,"skipped":0,"pct":100},"statements":{"total":65,"covered":62,"skipped":0,"pct":95.38},"branches":{"total":36,"covered":31,"skipped":0,"pct":86.11}}
,"/home/runner/work/SolarBuddy/SolarBuddy/src/lib/db/index.ts": {"lines":{"total":0,"covered":0,"skipped":0,"pct":0},"functions":{"total":0,"covered":0,"skipped":0,"pct":0},"statements":{"total":0,"covered":0,"skipped":0,"pct":0},"branches":{"total":0,"covered":0,"skipped":0,"pct":0}}
,"/home/runner/work/SolarBuddy/SolarBuddy/src/lib/db/override-repository.ts": {"lines":{"total":32,"covered":32,"skipped":0,"pct":100},"functions":{"total":10,"covered":10,"skipped":0,"pct":100},"statements":{"total":32,"covered":32,"skipped":0,"pct":100},"branches":{"total":7,"covered":7,"skipped":0,"pct":100}}
,"/home/runner/work/SolarBuddy/SolarBuddy/src/lib/db/rate-repository.ts": {"lines":{"total":28,"covered":28,"skipped":0,"pct":100},"functions":{"total":8,"covered":8,"skipped":0,"pct":100},"statements":{"total":28,"covered":28,"skipped":0,"pct":100},"branches":{"total":9,"covered":9,"skipped":0,"pct":100}}
,"/home/runner/work/SolarBuddy/SolarBuddy/src/lib/db/schedule-repository.ts": {"lines":{"total":93,"covered":85,"skipped":0,"pct":91.39},"functions":{"total":10,"covered":10,"skipped":0,"pct":100},"statements":{"total":96,"covered":87,"skipped":0,"pct":90.62},"branches":{"total":44,"covered":35,"skipped":0,"pct":79.54}}
,"/home/runner/work/SolarBuddy/SolarBuddy/src/lib/home-assistant/client.ts": {"lines":{"total":90,"covered":0,"skipped":0,"pct":0},"functions":{"total":20,"covered":0,"skipped":0,"pct":0},"statements":{"total":94,"covered":0,"skipped":0,"pct":0},"branches":{"total":46,"covered":0,"skipped":0,"pct":0}}
,"/home/runner/work/SolarBuddy/SolarBuddy/src/lib/home-assistant/command-handler.ts": {"lines":{"total":87,"covered":81,"skipped":0,"pct":93.1},"functions":{"total":12,"covered":12,"skipped":0,"pct":100},"statements":{"total":91,"covered":85,"skipped":0,"pct":93.4},"branches":{"total":46,"covered":44,"skipped":0,"pct":95.65}}
,"/home/runner/work/SolarBuddy/SolarBuddy/src/lib/home-assistant/discovery.ts": {"lines":{"total":35,"covered":35,"skipped":0,"pct":100},"functions":{"total":3,"covered":3,"skipped":0,"pct":100},"statements":{"total":39,"covered":39,"skipped":0,"pct":100},"branches":{"total":19,"covered":18,"skipped":0,"pct":94.73}}
,"/home/runner/work/SolarBuddy/SolarBuddy/src/lib/home-assistant/entities.ts": {"lines":{"total":41,"covered":40,"skipped":0,"pct":97.56},"functions":{"total":29,"covered":27,"skipped":0,"pct":93.1},"statements":{"total":46,"covered":41,"skipped":0,"pct":89.13},"branches":{"total":44,"covered":33,"skipped":0,"pct":75}}
,"/home/runner/work/SolarBuddy/SolarBuddy/src/lib/home-assistant/runtime.ts": {"lines":{"total":70,"covered":36,"skipped":0,"pct":51.42},"functions":{"total":12,"covered":4,"skipped":0,"pct":33.33},"statements":{"total":76,"covered":38,"skipped":0,"pct":50},"branches":{"total":58,"covered":38,"skipped":0,"pct":65.51}}
,"/home/runner/work/SolarBuddy/SolarBuddy/src/lib/home-assistant/state-publisher.ts": {"lines":{"total":93,"covered":86,"skipped":0,"pct":92.47},"functions":{"total":17,"covered":14,"skipped":0,"pct":82.35},"statements":{"total":109,"covered":94,"skipped":0,"pct":86.23},"branches":{"total":79,"covered":59,"skipped":0,"pct":74.68}}
,"/home/runner/work/SolarBuddy/SolarBuddy/src/lib/home-assistant/topics.ts": {"lines":{"total":28,"covered":28,"skipped":0,"pct":100},"functions":{"total":7,"covered":7,"skipped":0,"pct":100},"statements":{"total":39,"covered":39,"skipped":0,"pct":100},"branches":{"total":34,"covered":32,"skipped":0,"pct":94.11}}
,"/home/runner/work/SolarBuddy/SolarBuddy/src/lib/inverter/commands.ts": {"lines":{"total":56,"covered":52,"skipped":0,"pct":92.85},"functions":{"total":14,"covered":13,"skipped":0,"pct":92.85},"statements":{"total":56,"covered":52,"skipped":0,"pct":92.85},"branches":{"total":31,"covered":29,"skipped":0,"pct":93.54}}
,"/home/runner/work/SolarBuddy/SolarBuddy/src/lib/inverter/liveTelemetry.ts": {"lines":{"total":19,"covered":16,"skipped":0,"pct":84.21},"functions":{"total":5,"covered":5,"skipped":0,"pct":100},"statements":{"total":20,"covered":17,"skipped":0,"pct":85},"branches":{"total":17,"covered":14,"skipped":0,"pct":82.35}}
,"/home/runner/work/SolarBuddy/SolarBuddy/src/lib/inverter/settings.ts": {"lines":{"total":10,"covered":10,"skipped":0,"pct":100},"functions":{"total":3,"covered":3,"skipped":0,"pct":100},"statements":{"total":10,"covered":10,"skipped":0,"pct":100},"branches":{"total":15,"covered":15,"skipped":0,"pct":100}}
,"/home/runner/work/SolarBuddy/SolarBuddy/src/lib/inverter/time-sync.ts": {"lines":{"total":11,"covered":11,"skipped":0,"pct":100},"functions":{"total":1,"covered":1,"skipped":0,"pct":100},"statements":{"total":11,"covered":11,"skipped":0,"pct":100},"branches":{"total":2,"covered":1,"skipped":0,"pct":50}}
,"/home/runner/work/SolarBuddy/SolarBuddy/src/lib/mqtt/client.ts": {"lines":{"total":60,"covered":1,"skipped":0,"pct":1.66},"functions":{"total":9,"covered":0,"skipped":0,"pct":0},"statements":{"total":61,"covered":1,"skipped":0,"pct":1.63},"branches":{"total":22,"covered":0,"skipped":0,"pct":0}}
,"/home/runner/work/SolarBuddy/SolarBuddy/src/lib/mqtt/commands.ts": {"lines":{"total":43,"covered":43,"skipped":0,"pct":100},"functions":{"total":17,"covered":17,"skipped":0,"pct":100},"statements":{"total":43,"covered":43,"skipped":0,"pct":100},"branches":{"total":9,"covered":9,"skipped":0,"pct":100}}
,"/home/runner/work/SolarBuddy/SolarBuddy/src/lib/mqtt/log-event.ts": {"lines":{"total":3,"covered":3,"skipped":0,"pct":100},"functions":{"total":2,"covered":2,"skipped":0,"pct":100},"statements":{"total":3,"covered":3,"skipped":0,"pct":100},"branches":{"total":0,"covered":0,"skipped":0,"pct":100}}
,"/home/runner/work/SolarBuddy/SolarBuddy/src/lib/mqtt/logs.ts": {"lines":{"total":17,"covered":17,"skipped":0,"pct":100},"functions":{"total":5,"covered":5,"skipped":0,"pct":100},"statements":{"total":18,"covered":18,"skipped":0,"pct":100},"branches":{"total":4,"covered":4,"skipped":0,"pct":100}}
,"/home/runner/work/SolarBuddy/SolarBuddy/src/lib/mqtt/topics.ts": {"lines":{"total":5,"covered":5,"skipped":0,"pct":100},"functions":{"total":1,"covered":1,"skipped":0,"pct":100},"statements":{"total":5,"covered":5,"skipped":0,"pct":100},"branches":{"total":2,"covered":2,"skipped":0,"pct":100}}
,"/home/runner/work/SolarBuddy/SolarBuddy/src/lib/nordpool/client.ts": {"lines":{"total":23,"covered":23,"skipped":0,"pct":100},"functions":{"total":1,"covered":1,"skipped":0,"pct":100},"statements":{"total":24,"covered":24,"skipped":0,"pct":100},"branches":{"total":8,"covered":7,"skipped":0,"pct":87.5}}
,"/home/runner/work/SolarBuddy/SolarBuddy/src/lib/nordpool/converter.ts": {"lines":{"total":16,"covered":16,"skipped":0,"pct":100},"functions":{"total":4,"covered":4,"skipped":0,"pct":100},"statements":{"total":16,"covered":16,"skipped":0,"pct":100},"branches":{"total":4,"covered":4,"skipped":0,"pct":100}}
,"/home/runner/work/SolarBuddy/SolarBuddy/src/lib/nordpool/refresh.ts": {"lines":{"total":21,"covered":21,"skipped":0,"pct":100},"functions":{"total":1,"covered":1,"skipped":0,"pct":100},"statements":{"total":21,"covered":21,"skipped":0,"pct":100},"branches":{"total":16,"covered":13,"skipped":0,"pct":81.25}}
,"/home/runner/work/SolarBuddy/SolarBuddy/src/lib/notifications/dispatcher.ts": {"lines":{"total":23,"covered":21,"skipped":0,"pct":91.3},"functions":{"total":8,"covered":7,"skipped":0,"pct":87.5},"statements":{"total":27,"covered":25,"skipped":0,"pct":92.59},"branches":{"total":10,"covered":8,"skipped":0,"pct":80}}
,"/home/runner/work/SolarBuddy/SolarBuddy/src/lib/notifications/types.ts": {"lines":{"total":2,"covered":2,"skipped":0,"pct":100},"functions":{"total":0,"covered":0,"skipped":0,"pct":100},"statements":{"total":2,"covered":2,"skipped":0,"pct":100},"branches":{"total":0,"covered":0,"skipped":0,"pct":100}}
,"/home/runner/work/SolarBuddy/SolarBuddy/src/lib/notifications/channels/discord.ts": {"lines":{"total":9,"covered":9,"skipped":0,"pct":100},"functions":{"total":2,"covered":2,"skipped":0,"pct":100},"statements":{"total":10,"covered":10,"skipped":0,"pct":100},"branches":{"total":8,"covered":8,"skipped":0,"pct":100}}
,"/home/runner/work/SolarBuddy/SolarBuddy/src/lib/notifications/channels/telegram.ts": {"lines":{"total":11,"covered":11,"skipped":0,"pct":100},"functions":{"total":3,"covered":3,"skipped":0,"pct":100},"statements":{"total":12,"covered":12,"skipped":0,"pct":100},"branches":{"total":9,"covered":9,"skipped":0,"pct":100}}
,"/home/runner/work/SolarBuddy/SolarBuddy/src/lib/octopus/account.ts": {"lines":{"total":52,"covered":45,"skipped":0,"pct":86.53},"functions":{"total":9,"covered":9,"skipped":0,"pct":100},"statements":{"total":59,"covered":52,"skipped":0,"pct":88.13},"branches":{"total":48,"covered":37,"skipped":0,"pct":77.08}}
,"/home/runner/work/SolarBuddy/SolarBuddy/src/lib/octopus/consumption.ts": {"lines":{"total":35,"covered":33,"skipped":0,"pct":94.28},"functions":{"total":3,"covered":3,"skipped":0,"pct":100},"statements":{"total":40,"covered":36,"skipped":0,"pct":90},"branches":{"total":28,"covered":23,"skipped":0,"pct":82.14}}
,"/home/runner/work/SolarBuddy/SolarBuddy/src/lib/octopus/current-rate-summary.ts": {"lines":{"total":28,"covered":27,"skipped":0,"pct":96.42},"functions":{"total":7,"covered":7,"skipped":0,"pct":100},"statements":{"total":38,"covered":34,"skipped":0,"pct":89.47},"branches":{"total":23,"covered":17,"skipped":0,"pct":73.91}}
,"/home/runner/work/SolarBuddy/SolarBuddy/src/lib/octopus/export-rates.ts": {"lines":{"total":30,"covered":30,"skipped":0,"pct":100},"functions":{"total":5,"covered":5,"skipped":0,"pct":100},"statements":{"total":33,"covered":33,"skipped":0,"pct":100},"branches":{"total":23,"covered":21,"skipped":0,"pct":91.3}}
,"/home/runner/work/SolarBuddy/SolarBuddy/src/lib/octopus/rates.ts": {"lines":{"total":32,"covered":32,"skipped":0,"pct":100},"functions":{"total":6,"covered":6,"skipped":0,"pct":100},"statements":{"total":35,"covered":35,"skipped":0,"pct":100},"branches":{"total":16,"covered":13,"skipped":0,"pct":81.25}}
,"/home/runner/work/SolarBuddy/SolarBuddy/src/lib/octopus/regions.ts": {"lines":{"total":1,"covered":1,"skipped":0,"pct":100},"functions":{"total":0,"covered":0,"skipped":0,"pct":100},"statements":{"total":1,"covered":1,"skipped":0,"pct":100},"branches":{"total":0,"covered":0,"skipped":0,"pct":100}}
,"/home/runner/work/SolarBuddy/SolarBuddy/src/lib/octopus/tariff-monitor.ts": {"lines":{"total":19,"covered":19,"skipped":0,"pct":100},"functions":{"total":1,"covered":1,"skipped":0,"pct":100},"statements":{"total":19,"covered":19,"skipped":0,"pct":100},"branches":{"total":12,"covered":11,"skipped":0,"pct":91.66}}
,"/home/runner/work/SolarBuddy/SolarBuddy/src/lib/readings/ingest.ts": {"lines":{"total":15,"covered":15,"skipped":0,"pct":100},"functions":{"total":3,"covered":3,"skipped":0,"pct":100},"statements":{"total":17,"covered":17,"skipped":0,"pct":100},"branches":{"total":8,"covered":8,"skipped":0,"pct":100}}
,"/home/runner/work/SolarBuddy/SolarBuddy/src/lib/readings/soc-by-slot.ts": {"lines":{"total":3,"covered":3,"skipped":0,"pct":100},"functions":{"total":1,"covered":1,"skipped":0,"pct":100},"statements":{"total":3,"covered":3,"skipped":0,"pct":100},"branches":{"total":0,"covered":0,"skipped":0,"pct":100}}
,"/home/runner/work/SolarBuddy/SolarBuddy/src/lib/scheduler/auto-override.ts": {"lines":{"total":34,"covered":34,"skipped":0,"pct":100},"functions":{"total":3,"covered":3,"skipped":0,"pct":100},"statements":{"total":35,"covered":35,"skipped":0,"pct":100},"branches":{"total":26,"covered":23,"skipped":0,"pct":88.46}}
,"/home/runner/work/SolarBuddy/SolarBuddy/src/lib/scheduler/cron.ts": {"lines":{"total":209,"covered":88,"skipped":0,"pct":42.1},"functions":{"total":24,"covered":13,"skipped":0,"pct":54.16},"statements":{"total":215,"covered":92,"skipped":0,"pct":42.79},"branches":{"total":122,"covered":33,"skipped":0,"pct":27.04}}
,"/home/runner/work/SolarBuddy/SolarBuddy/src/lib/scheduler/discharge.ts": {"lines":{"total":225,"covered":209,"skipped":0,"pct":92.88},"functions":{"total":36,"covered":35,"skipped":0,"pct":97.22},"statements":{"total":237,"covered":215,"skipped":0,"pct":90.71},"branches":{"total":161,"covered":124,"skipped":0,"pct":77.01}}
,"/home/runner/work/SolarBuddy/SolarBuddy/src/lib/scheduler/engine.ts": {"lines":{"total":344,"covered":316,"skipped":0,"pct":91.86},"functions":{"total":64,"covered":62,"skipped":0,"pct":96.87},"statements":{"total":394,"covered":359,"skipped":0,"pct":91.11},"branches":{"total":274,"covered":210,"skipped":0,"pct":76.64}}
,"/home/runner/work/SolarBuddy/SolarBuddy/src/lib/scheduler/executor.ts": {"lines":{"total":28,"covered":25,"skipped":0,"pct":89.28},"functions":{"total":5,"covered":5,"skipped":0,"pct":100},"statements":{"total":29,"covered":26,"skipped":0,"pct":89.65},"branches":{"total":4,"covered":4,"skipped":0,"pct":100}}
,"/home/runner/work/SolarBuddy/SolarBuddy/src/lib/scheduler/negative.ts": {"lines":{"total":78,"covered":78,"skipped":0,"pct":100},"functions":{"total":13,"covered":13,"skipped":0,"pct":100},"statements":{"total":102,"covered":97,"skipped":0,"pct":95.09},"branches":{"total":62,"covered":56,"skipped":0,"pct":90.32}}
,"/home/runner/work/SolarBuddy/SolarBuddy/src/lib/scheduler/peak.ts": {"lines":{"total":62,"covered":61,"skipped":0,"pct":98.38},"functions":{"total":14,"covered":13,"skipped":0,"pct":92.85},"statements":{"total":85,"covered":73,"skipped":0,"pct":85.88},"branches":{"total":61,"covered":43,"skipped":0,"pct":70.49}}
,"/home/runner/work/SolarBuddy/SolarBuddy/src/lib/scheduler/reevaluate.ts": {"lines":{"total":61,"covered":55,"skipped":0,"pct":90.16},"functions":{"total":10,"covered":10,"skipped":0,"pct":100},"statements":{"total":64,"covered":56,"skipped":0,"pct":87.5},"branches":{"total":22,"covered":16,"skipped":0,"pct":72.72}}
,"/home/runner/work/SolarBuddy/SolarBuddy/src/lib/scheduler/resolve.ts": {"lines":{"total":116,"covered":103,"skipped":0,"pct":88.79},"functions":{"total":18,"covered":13,"skipped":0,"pct":72.22},"statements":{"total":132,"covered":115,"skipped":0,"pct":87.12},"branches":{"total":107,"covered":78,"skipped":0,"pct":72.89}}
,"/home/runner/work/SolarBuddy/SolarBuddy/src/lib/scheduler/solar-surplus.ts": {"lines":{"total":26,"covered":26,"skipped":0,"pct":100},"functions":{"total":3,"covered":3,"skipped":0,"pct":100},"statements":{"total":34,"covered":31,"skipped":0,"pct":91.17},"branches":{"total":30,"covered":27,"skipped":0,"pct":90}}
,"/home/runner/work/SolarBuddy/SolarBuddy/src/lib/scheduler/watchdog.ts": {"lines":{"total":233,"covered":185,"skipped":0,"pct":79.39},"functions":{"total":36,"covered":30,"skipped":0,"pct":83.33},"statements":{"total":252,"covered":199,"skipped":0,"pct":78.96},"branches":{"total":195,"covered":129,"skipped":0,"pct":66.15}}
,"/home/runner/work/SolarBuddy/SolarBuddy/src/lib/solcast/client.ts": {"lines":{"total":64,"covered":64,"skipped":0,"pct":100},"functions":{"total":7,"covered":7,"skipped":0,"pct":100},"statements":{"total":74,"covered":69,"skipped":0,"pct":93.24},"branches":{"total":33,"covered":26,"skipped":0,"pct":78.78}}
,"/home/runner/work/SolarBuddy/SolarBuddy/src/lib/solcast/store.ts": {"lines":{"total":35,"covered":35,"skipped":0,"pct":100},"functions":{"total":4,"covered":4,"skipped":0,"pct":100},"statements":{"total":39,"covered":38,"skipped":0,"pct":97.43},"branches":{"total":14,"covered":13,"skipped":0,"pct":92.85}}
,"/home/runner/work/SolarBuddy/SolarBuddy/src/lib/tariffs/definitions.ts": {"lines":{"total":2,"covered":2,"skipped":0,"pct":100},"functions":{"total":1,"covered":1,"skipped":0,"pct":100},"statements":{"total":2,"covered":2,"skipped":0,"pct":100},"branches":{"total":2,"covered":2,"skipped":0,"pct":100}}
,"/home/runner/work/SolarBuddy/SolarBuddy/src/lib/tariffs/rate-generator.ts": {"lines":{"total":35,"covered":34,"skipped":0,"pct":97.14},"functions":{"total":4,"covered":4,"skipped":0,"pct":100},"statements":{"total":36,"covered":35,"skipped":0,"pct":97.22},"branches":{"total":18,"covered":11,"skipped":0,"pct":61.11}}
,"/home/runner/work/SolarBuddy/SolarBuddy/src/lib/usage/compute.ts": {"lines":{"total":121,"covered":119,"skipped":0,"pct":98.34},"functions":{"total":13,"covered":13,"skipped":0,"pct":100},"statements":{"total":137,"covered":132,"skipped":0,"pct":96.35},"branches":{"total":53,"covered":43,"skipped":0,"pct":81.13}}
,"/home/runner/work/SolarBuddy/SolarBuddy/src/lib/usage/index.ts": {"lines":{"total":0,"covered":0,"skipped":0,"pct":0},"functions":{"total":0,"covered":0,"skipped":0,"pct":0},"statements":{"total":0,"covered":0,"skipped":0,"pct":0},"branches":{"total":0,"covered":0,"skipped":0,"pct":0}}
,"/home/runner/work/SolarBuddy/SolarBuddy/src/lib/usage/percentile.ts": {"lines":{"total":10,"covered":10,"skipped":0,"pct":100},"functions":{"total":1,"covered":1,"skipped":0,"pct":100},"statements":{"total":13,"covered":13,"skipped":0,"pct":100},"branches":{"total":6,"covered":6,"skipped":0,"pct":100}}
,"/home/runner/work/SolarBuddy/SolarBuddy/src/lib/usage/repository.ts": {"lines":{"total":60,"covered":59,"skipped":0,"pct":98.33},"functions":{"total":10,"covered":10,"skipped":0,"pct":100},"statements":{"total":69,"covered":64,"skipped":0,"pct":92.75},"branches":{"total":52,"covered":43,"skipped":0,"pct":82.69}}
,"/home/runner/work/SolarBuddy/SolarBuddy/src/lib/usage/slot-index.ts": {"lines":{"total":9,"covered":9,"skipped":0,"pct":100},"functions":{"total":3,"covered":3,"skipped":0,"pct":100},"statements":{"total":9,"covered":9,"skipped":0,"pct":100},"branches":{"total":8,"covered":8,"skipped":0,"pct":100}}
,"/home/runner/work/SolarBuddy/SolarBuddy/src/lib/usage/types.ts": {"lines":{"total":0,"covered":0,"skipped":0,"pct":0},"functions":{"total":0,"covered":0,"skipped":0,"pct":0},"statements":{"total":0,"covered":0,"skipped":0,"pct":0},"branches":{"total":0,"covered":0,"skipped":0,"pct":0}}
,"/home/runner/work/SolarBuddy/SolarBuddy/src/lib/virtual-inverter/runtime.ts": {"lines":{"total":188,"covered":138,"skipped":0,"pct":73.4},"functions":{"total":36,"covered":24,"skipped":0,"pct":66.66},"statements":{"total":191,"covered":139,"skipped":0,"pct":72.77},"branches":{"total":149,"covered":75,"skipped":0,"pct":50.33}}
,"/home/runner/work/SolarBuddy/SolarBuddy/src/lib/virtual-inverter/scenarios.ts": {"lines":{"total":45,"covered":38,"skipped":0,"pct":84.44},"functions":{"total":19,"covered":17,"skipped":0,"pct":89.47},"statements":{"total":47,"covered":40,"skipped":0,"pct":85.1},"branches":{"total":69,"covered":46,"skipped":0,"pct":66.66}}
}
